Library/Bee/Android/Prj/Mono2x/Gradle/launcher/build/intermediates/manifest_merge_blame_file/release/manifest-merger-blame-release-report.txt
1<?xml version="1.0" encoding="utf-8"?>
2<manifest xmlns:android="http://schemas.android.com/apk/res/android"
3    package="com.DefaultCompany.CAMSverseTest"
4    android:installLocation="preferExternal"
5    android:versionCode="1"
6    android:versionName="0.1" >
7
8    <uses-sdk
9        android:minSdkVersion="23"
9-->src\main\AndroidManifest.xml
10        android:targetSdkVersion="34" />
10-->src\main\AndroidManifest.xml
11
12    <supports-screens
12-->src\main\AndroidManifest.xml:3:3-163
13        android:anyDensity="true"
13-->src\main\AndroidManifest.xml:3:135-160
14        android:largeScreens="true"
14-->src\main\AndroidManifest.xml:3:78-105
15        android:normalScreens="true"
15-->src\main\AndroidManifest.xml:3:49-77
16        android:smallScreens="true"
16-->src\main\AndroidManifest.xml:3:21-48
17        android:xlargeScreens="true" />
17-->src\main\AndroidManifest.xml:3:106-134
18
19    <uses-feature android:glEsVersion="0x00030000" />
19-->[:unityLibrary] AndroidManifest.xml:11:5-54
19-->[:unityLibrary] AndroidManifest.xml:11:19-51
20    <uses-feature
20-->[:unityLibrary] AndroidManifest.xml:12:5-14:36
21        android:name="android.hardware.vulkan.version"
21-->[:unityLibrary] AndroidManifest.xml:13:9-55
22        android:required="false" />
22-->[:unityLibrary] AndroidManifest.xml:14:9-33
23
24    <uses-permission android:name="android.permission.INTERNET" />
24-->[:unityLibrary] AndroidManifest.xml:16:5-67
24-->[:unityLibrary] AndroidManifest.xml:16:22-64
25
26    <uses-feature
26-->[:unityLibrary] AndroidManifest.xml:18:5-20:36
27        android:name="android.hardware.touchscreen"
27-->[:unityLibrary] AndroidManifest.xml:19:9-52
28        android:required="false" />
28-->[:unityLibrary] AndroidManifest.xml:20:9-33
29    <uses-feature
29-->[:unityLibrary] AndroidManifest.xml:21:5-23:36
30        android:name="android.hardware.touchscreen.multitouch"
30-->[:unityLibrary] AndroidManifest.xml:22:9-63
31        android:required="false" />
31-->[:unityLibrary] AndroidManifest.xml:23:9-33
32    <uses-feature
32-->[:unityLibrary] AndroidManifest.xml:24:5-26:36
33        android:name="android.hardware.touchscreen.multitouch.distinct"
33-->[:unityLibrary] AndroidManifest.xml:25:9-72
34        android:required="false" />
34-->[:unityLibrary] AndroidManifest.xml:26:9-33
35    <uses-feature
35-->[:unityLibrary] AndroidManifest.xml:27:5-30:31
36        android:name="android.hardware.vr.headtracking"
36-->[:unityLibrary] AndroidManifest.xml:28:9-56
37        android:required="true"
37-->[:unityLibrary] AndroidManifest.xml:29:9-32
38        android:version="1" />
38-->[:unityLibrary] AndroidManifest.xml:30:9-28
39
40    <application
40-->src\main\AndroidManifest.xml:4:3-83
41        android:extractNativeLibs="true"
41-->[:unityLibrary] AndroidManifest.xml:32:18-50
42        android:icon="@mipmap/app_icon"
42-->src\main\AndroidManifest.xml:4:49-80
43        android:label="@string/app_name" >
43-->src\main\AndroidManifest.xml:4:16-48
44        <activity
44-->[:unityLibrary] AndroidManifest.xml:33:9-58:20
45            android:name="com.unity3d.player.UnityPlayerActivity"
45-->[:unityLibrary] AndroidManifest.xml:34:13-66
46            android:configChanges="keyboard|keyboardHidden|navigation|orientation|screenLayout|screenSize|uiMode"
46-->[:unityLibrary] AndroidManifest.xml:35:13-114
47            android:exported="true"
47-->[:unityLibrary] AndroidManifest.xml:36:13-36
48            android:hardwareAccelerated="false"
48-->[:unityLibrary] AndroidManifest.xml:37:13-48
49            android:launchMode="singleTask"
49-->[:unityLibrary] AndroidManifest.xml:38:13-44
50            android:resizeableActivity="false"
50-->[:unityLibrary] AndroidManifest.xml:39:13-47
51            android:screenOrientation="landscape"
51-->[:unityLibrary] AndroidManifest.xml:40:13-50
52            android:theme="@android:style/Theme.Black.NoTitleBar.Fullscreen" >
52-->[:unityLibrary] AndroidManifest.xml:41:13-77
53            <intent-filter>
53-->[:unityLibrary] AndroidManifest.xml:42:13-47:29
54                <action android:name="android.intent.action.MAIN" />
54-->[:unityLibrary] AndroidManifest.xml:43:17-69
54-->[:unityLibrary] AndroidManifest.xml:43:25-66
55
56                <category android:name="android.intent.category.LAUNCHER" />
56-->[:unityLibrary] AndroidManifest.xml:45:17-77
56-->[:unityLibrary] AndroidManifest.xml:45:27-74
57                <category android:name="com.oculus.intent.category.VR" />
57-->[:unityLibrary] AndroidManifest.xml:46:17-74
57-->[:unityLibrary] AndroidManifest.xml:46:27-71
58            </intent-filter>
59
60            <meta-data
60-->[:unityLibrary] AndroidManifest.xml:49:13-51:40
61                android:name="unityplayer.UnityActivity"
61-->[:unityLibrary] AndroidManifest.xml:50:17-57
62                android:value="true" />
62-->[:unityLibrary] AndroidManifest.xml:51:17-37
63            <meta-data
63-->[:unityLibrary] AndroidManifest.xml:52:13-54:40
64                android:name="android.notch_support"
64-->[:unityLibrary] AndroidManifest.xml:53:17-53
65                android:value="true" />
65-->[:unityLibrary] AndroidManifest.xml:54:17-37
66            <meta-data
66-->[:unityLibrary] AndroidManifest.xml:55:13-57:40
67                android:name="com.oculus.vr.focusaware"
67-->[:unityLibrary] AndroidManifest.xml:56:17-56
68                android:value="true" />
68-->[:unityLibrary] AndroidManifest.xml:57:17-37
69        </activity>
70
71        <meta-data
71-->[:unityLibrary] AndroidManifest.xml:60:9-62:33
72            android:name="unity.splash-mode"
72-->[:unityLibrary] AndroidManifest.xml:61:13-45
73            android:value="0" />
73-->[:unityLibrary] AndroidManifest.xml:62:13-30
74        <meta-data
74-->[:unityLibrary] AndroidManifest.xml:63:9-65:36
75            android:name="unity.splash-enable"
75-->[:unityLibrary] AndroidManifest.xml:64:13-47
76            android:value="True" />
76-->[:unityLibrary] AndroidManifest.xml:65:13-33
77        <meta-data
77-->[:unityLibrary] AndroidManifest.xml:66:9-68:36
78            android:name="unity.launch-fullscreen"
78-->[:unityLibrary] AndroidManifest.xml:67:13-51
79            android:value="True" />
79-->[:unityLibrary] AndroidManifest.xml:68:13-33
80        <meta-data
80-->[:unityLibrary] AndroidManifest.xml:69:9-71:50
81            android:name="notch.config"
81-->[:unityLibrary] AndroidManifest.xml:70:13-40
82            android:value="portrait|landscape" />
82-->[:unityLibrary] AndroidManifest.xml:71:13-47
83        <meta-data
83-->[:unityLibrary] AndroidManifest.xml:72:9-74:36
84            android:name="unity.auto-report-fully-drawn"
84-->[:unityLibrary] AndroidManifest.xml:73:13-57
85            android:value="true" />
85-->[:unityLibrary] AndroidManifest.xml:74:13-33
86        <meta-data
86-->[:unityLibrary] AndroidManifest.xml:75:9-77:39
87            android:name="com.samsung.android.vr.application.mode"
87-->[:unityLibrary] AndroidManifest.xml:76:13-67
88            android:value="vr_only" />
88-->[:unityLibrary] AndroidManifest.xml:77:13-36
89        <meta-data
89-->[:unityLibrary] AndroidManifest.xml:78:9-80:37
90            android:name="com.unity.xr.oculus.LowOverheadMode"
90-->[:unityLibrary] AndroidManifest.xml:79:13-63
91            android:value="false" />
91-->[:unityLibrary] AndroidManifest.xml:80:13-34
92        <meta-data
92-->[:unityLibrary] AndroidManifest.xml:81:9-83:37
93            android:name="com.unity.xr.oculus.LateLatching"
93-->[:unityLibrary] AndroidManifest.xml:82:13-60
94            android:value="false" />
94-->[:unityLibrary] AndroidManifest.xml:83:13-34
95        <meta-data
95-->[:unityLibrary] AndroidManifest.xml:84:9-86:37
96            android:name="com.unity.xr.oculus.LateLatchingDebug"
96-->[:unityLibrary] AndroidManifest.xml:85:13-65
97            android:value="false" />
97-->[:unityLibrary] AndroidManifest.xml:86:13-34
98        <meta-data
98-->[:unityLibrary] AndroidManifest.xml:87:9-89:44
99            android:name="com.oculus.supportedDevices"
99-->[:unityLibrary] AndroidManifest.xml:88:13-55
100            android:value="quest|quest2" />
100-->[:unityLibrary] AndroidManifest.xml:89:13-41
101    </application>
102
103</manifest>